# JRE version: OpenJDK Runtime Environment Corretto-17.0.10.7.1 (17.0.10+7) (build 17.0.10+7-LTS)
# Java VM: OpenJDK 64-Bit Server VM Corretto-17.0.10.7.1 (17.0.10+7-LTS, mixed mode, sharing, tiered, compressed oops, compressed class ptrs, g1 gc, windows-amd64)
GC Precious Log:
 CPUs: 8 total, 8 available
 Memory: 8101M
 Large Page Support: Disabled
 NUMA Support: Disabled
 Compressed Oops: Enabled (32-bit)
 Heap Region Size: 1M
 Heap Min Capacity: 256M
 Heap Initial Capacity: 256M
 Heap Max Capacity: 512M
 Pre-touch: Disabled
 Parallel Workers: 8
 Concurrent Workers: 2
 Concurrent Refinement Workers: 8
 Periodic GC: Disabled
Heap:
 garbage-first heap   total 262144K, used 203618K [0x00000000e0000000, 0x0000000100000000)
  region size 1024K, 103 young (105472K), 9 survivors (9216K)
 Metaspace       used 72038K, committed 72832K, reserved 393216K
  class space    used 9751K, committed 10112K, reserved 327680K
GC Heap History (20 events):
Event: 11.622 GC heap after
{Heap after GC invocations=2 (full 0):
 garbage-first heap   total 262144K, used 11706K [0x00000000e0000000, 0x0000000100000000)
  region size 1024K, 1 young (1024K), 1 survivors (1024K)
 Metaspace       used 3978K, committed 4160K, reserved 393216K
  class space    used 489K, committed 576K, reserved 327680K
}
Event: 17.294 GC heap before
{Heap before GC invocations=2 (full 0):
 garbage-first heap   total 262144K, used 129466K [0x00000000e0000000, 0x0000000100000000)
  region size 1024K, 117 young (119808K), 1 survivors (1024K)
 Metaspace       used 21191K, committed 21504K, reserved 393216K
  class space    used 3122K, committed 3264K, reserved 327680K
}
Event: 17.302 GC heap after
{Heap after GC invocations=3 (full 0):
 garbage-first heap   total 262144K, used 23014K [0x00000000e0000000, 0x0000000100000000)
  region size 1024K, 12 young (12288K), 12 survivors (12288K)
 Metaspace       used 21191K, committed 21504K, reserved 393216K
  class space    used 3122K, committed 3264K, reserved 327680K
}
Event: 19.020 GC heap before
{Heap before GC invocations=4 (full 0):
 garbage-first heap   total 262144K, used 140774K [0x00000000e0000000, 0x0000000100000000)
  region size 1024K, 124 young (126976K), 12 survivors (12288K)
 Metaspace       used 35550K, committed 35968K, reserved 393216K
  class space    used 4985K, committed 5184K, reserved 327680K
}
Event: 19.045 GC heap after
{Heap after GC invocations=5 (full 0):
 garbage-first heap   total 262144K, used 31949K [0x00000000e0000000, 0x0000000100000000)
  region size 1024K, 10 young (10240K), 10 survivors (10240K)
 Metaspace       used 35550K, committed 35968K, reserved 393216K
  class space    used 4985K, committed 5184K, reserved 327680K
}
Event: 24.538 GC heap before
{Heap before GC invocations=6 (full 0):
 garbage-first heap   total 262144K, used 179405K [0x00000000e0000000, 0x0000000100000000)
  region size 1024K, 153 young (156672K), 10 survivors (10240K)
 Metaspace       used 48916K, committed 49472K, reserved 393216K
  class space    used 7055K, committed 7296K, reserved 327680K
}
Event: 24.562 GC heap after
{Heap after GC invocations=7 (full 0):
 garbage-first heap   total 262144K, used 40620K [0x00000000e0000000, 0x0000000100000000)
  region size 1024K, 18 young (18432K), 18 survivors (18432K)
 Metaspace       used 48916K, committed 49472K, reserved 393216K
  class space    used 7055K, committed 7296K, reserved 327680K
}
Event: 28.798 GC heap before
{Heap before GC invocations=7 (full 0):
 garbage-first heap   total 262144K, used 177836K [0x00000000e0000000, 0x0000000100000000)
  region size 1024K, 153 young (156672K), 18 survivors (18432K)
 Metaspace       used 55500K, committed 56128K, reserved 393216K
  class space    used 7938K, committed 8192K, reserved 327680K
}
Event: 28.815 GC heap after
{Heap after GC invocations=8 (full 0):
 garbage-first heap   total 262144K, used 51604K [0x00000000e0000000, 0x0000000100000000)
  region size 1024K, 20 young (20480K), 20 survivors (20480K)
 Metaspace       used 55500K, committed 56128K, reserved 393216K
  class space    used 7938K, committed 8192K, reserved 327680K
}
Event: 35.928 GC heap before
{Heap before GC invocations=8 (full 0):
 garbage-first heap   total 262144K, used 187796K [0x00000000e0000000, 0x0000000100000000)
  region size 1024K, 153 young (156672K), 20 survivors (20480K)
 Metaspace       used 57259K, committed 57792K, reserved 393216K
  class space    used 8060K, committed 8320K, reserved 327680K
}
Event: 35.962 GC heap after
{Heap after GC invocations=9 (full 0):
 garbage-first heap   total 262144K, used 57679K [0x00000000e0000000, 0x0000000100000000)
  region size 1024K, 6 young (6144K), 6 survivors (6144K)
 Metaspace       used 57259K, committed 57792K, reserved 393216K
  class space    used 8060K, committed 8320K, reserved 327680K
}
Event: 51.229 GC heap before
{Heap before GC invocations=9 (full 0):
 garbage-first heap   total 262144K, used 127311K [0x00000000e0000000, 0x0000000100000000)
  region size 1024K, 75 young (76800K), 6 survivors (6144K)
 Metaspace       used 59476K, committed 60096K, reserved 393216K
  class space    used 8372K, committed 8704K, reserved 327680K
}
Event: 51.236 GC heap after
{Heap after GC invocations=10 (full 0):
 garbage-first heap   total 262144K, used 57882K [0x00000000e0000000, 0x0000000100000000)
  region size 1024K, 7 young (7168K), 7 survivors (7168K)
 Metaspace       used 59476K, committed 60096K, reserved 393216K
  class space    used 8372K, committed 8704K, reserved 327680K
}
Event: 54.247 GC heap before
{Heap before GC invocations=11 (full 0):
 garbage-first heap   total 262144K, used 209434K [0x00000000e0000000, 0x0000000100000000)
  region size 1024K, 153 young (156672K), 7 survivors (7168K)
 Metaspace       used 67517K, committed 68160K, reserved 393216K
  class space    used 9283K, committed 9600K, reserved 327680K
}
Event: 54.280 GC heap after
{Heap after GC invocations=12 (full 0):
 garbage-first heap   total 262144K, used 90806K [0x00000000e0000000, 0x0000000100000000)
  region size 1024K, 20 young (20480K), 20 survivors (20480K)
 Metaspace       used 67517K, committed 68160K, reserved 393216K
  class space    used 9283K, committed 9600K, reserved 327680K
}
Event: 56.697 GC heap before
{Heap before GC invocations=12 (full 0):
 garbage-first heap   total 262144K, used 199350K [0x00000000e0000000, 0x0000000100000000)
  region size 1024K, 126 young (129024K), 20 survivors (20480K)
 Metaspace       used 69019K, committed 69696K, reserved 393216K
  class space    used 9372K, committed 9664K, reserved 327680K
}
Event: 56.712 GC heap after
{Heap after GC invocations=13 (full 0):
 garbage-first heap   total 262144K, used 90322K [0x00000000e0000000, 0x0000000100000000)
  region size 1024K, 8 young (8192K), 8 survivors (8192K)
 Metaspace       used 69019K, committed 69696K, reserved 393216K
  class space    used 9372K, committed 9664K, reserved 327680K
}
Event: 58.786 GC heap before
{Heap before GC invocations=13 (full 0):
 garbage-first heap   total 262144K, used 199890K [0x00000000e0000000, 0x0000000100000000)
  region size 1024K, 116 young (118784K), 8 survivors (8192K)
 Metaspace       used 69692K, committed 70336K, reserved 393216K
  class space    used 9449K, committed 9728K, reserved 327680K
}
Event: 58.818 GC heap after
{Heap after GC invocations=14 (full 0):
 garbage-first heap   total 262144K, used 106339K [0x00000000e0000000, 0x0000000100000000)
  region size 1024K, 15 young (15360K), 15 survivors (15360K)
 Metaspace       used 69692K, committed 70336K, reserved 393216K
  class space    used 9449K, committed 9728K, reserved 327680K
}
Event: 413.222 GC heap before
{Heap before GC invocations=14 (full 0):
 garbage-first heap   total 262144K, used 202595K [0x00000000e0000000, 0x0000000100000000)
  region size 1024K, 109 young (111616K), 15 survivors (15360K)
 Metaspace       used 72038K, committed 72832K, reserved 393216K
  class space    used 9751K, committed 10112K, reserved 327680K
}

